{"ts":1712176566785,"action":"PROJECT_OPENED","tags":{"PROJECT_NAME":"java-vjezba4"}}
{"ts":1712176568828,"action":"FILE_OPENED","file":"/src/Main.java","tags":{"FILE_LINE_OF_CODE":"5"}}
{"ts":1712176571373,"action":"IDE_DEACTIVATED"}
{"ts":1712176571958,"action":"IDE_ACTIVATED"}
{"ts":1712177534772,"action":"IDE_DEACTIVATED"}
{"ts":1712177608522,"action":"IDE_ACTIVATED"}
{"ts":1712177661158,"action":"IDE_DEACTIVATED"}
{"ts":1712177934882,"action":"IDE_ACTIVATED"}
{"ts":1712177937335,"action":"IDE_DEACTIVATED"}
{"ts":1712177937698,"action":"PROJECT_CLOSED","tags":{"PROJECT_NAME":"java-vjezba4"}}
{"ts":1712182683702,"action":"FILE_OPENED","file":"/src/Main.java","tags":{"FILE_LINE_OF_CODE":"13"}}
{"ts":1712182683904,"action":"PROJECT_OPENED","tags":{"PROJECT_NAME":"java-vjezba4"}}
{"ts":1712182928499,"action":"IDE_DEACTIVATED"}
{"ts":1712183101674,"action":"IDE_ACTIVATED"}
{"ts":1712183107791,"action":"IDE_DEACTIVATED"}
{"ts":1712183164126,"action":"IDE_ACTIVATED"}
{"ts":1712183166901,"action":"IDE_DEACTIVATED"}
{"ts":1712183181597,"action":"IDE_ACTIVATED"}
{"ts":1712183186517,"action":"IDE_DEACTIVATED"}
{"ts":1712183238573,"action":"IDE_ACTIVATED"}
{"ts":1712183250344,"action":"IDE_DEACTIVATED"}
{"ts":1712183251502,"action":"IDE_ACTIVATED"}
{"ts":1712183269379,"action":"IDE_DEACTIVATED"}
{"ts":1712183286368,"action":"IDE_ACTIVATED"}
{"ts":1712183329495,"action":"IDE_DEACTIVATED"}
{"ts":1712183375789,"action":"IDE_ACTIVATED"}
{"ts":1712183413798,"action":"IDE_DEACTIVATED"}
{"ts":1712183436629,"action":"IDE_ACTIVATED"}
{"ts":1712183442698,"action":"IDE_DEACTIVATED"}
{"ts":1712183444244,"action":"IDE_ACTIVATED"}
{"ts":1712183462308,"action":"IDE_DEACTIVATED"}
{"ts":1712183469036,"action":"IDE_ACTIVATED"}
{"ts":1712183481335,"action":"IDE_DEACTIVATED"}
{"ts":1712183484455,"action":"IDE_ACTIVATED"}
{"ts":1712183486333,"action":"IDE_DEACTIVATED"}
{"ts":1712183488772,"action":"IDE_ACTIVATED"}
{"ts":1712183491757,"action":"IDE_DEACTIVATED"}
{"ts":1712183507491,"action":"IDE_ACTIVATED"}
{"ts":1712183560538,"action":"IDE_DEACTIVATED"}
{"ts":1712183569900,"action":"IDE_ACTIVATED"}
{"ts":1712183590696,"action":"IDE_DEACTIVATED"}
{"ts":1712183595613,"action":"IDE_ACTIVATED"}
{"ts":1712183598010,"action":"IDE_DEACTIVATED"}
{"ts":1712183600651,"action":"IDE_ACTIVATED"}
{"ts":1712183602777,"action":"IDE_DEACTIVATED"}
{"ts":1712183610353,"action":"IDE_ACTIVATED"}
{"ts":1712183614487,"action":"IDE_DEACTIVATED"}
{"ts":1712183616427,"action":"IDE_ACTIVATED"}
{"ts":1712183622647,"action":"IDE_DEACTIVATED"}
{"ts":1712183843181,"action":"IDE_ACTIVATED"}
{"ts":1712183845577,"action":"IDE_DEACTIVATED"}
{"ts":1712184333896,"action":"IDE_ACTIVATED"}
{"ts":1712184337455,"action":"IDE_DEACTIVATED"}
{"ts":1712197924911,"action":"IDE_ACTIVATED"}
{"ts":1712197926899,"action":"IDE_DEACTIVATED"}
{"ts":1712197929459,"action":"IDE_ACTIVATED"}
{"ts":1712197934186,"action":"IDE_DEACTIVATED"}
{"ts":1712197934372,"action":"PROJECT_CLOSED","tags":{"PROJECT_NAME":"java-vjezba4"}}
{"ts":1712237362010,"action":"FILE_OPENED","file":"/src/Main.java","tags":{"FILE_LINE_OF_CODE":"16"}}
{"ts":1712237362265,"action":"PROJECT_OPENED","tags":{"PROJECT_NAME":"java-vjezba4"}}
{"ts":1712237375082,"action":"IDE_DEACTIVATED"}
{"ts":1712237379316,"action":"IDE_ACTIVATED"}
{"ts":1712237381139,"action":"IDE_DEACTIVATED"}
{"ts":1712237488580,"action":"IDE_ACTIVATED"}
{"ts":1712237520299,"action":"IDE_DEACTIVATED"}
{"ts":1712237544392,"action":"IDE_ACTIVATED"}
{"ts":1712237780086,"action":"IDE_DEACTIVATED"}
{"ts":1712237901642,"action":"IDE_ACTIVATED"}
{"ts":1712237918954,"action":"IDE_DEACTIVATED"}
{"ts":1712238195978,"action":"IDE_ACTIVATED"}
{"ts":1712238250653,"action":"IDE_DEACTIVATED"}
{"ts":1712238338186,"action":"IDE_ACTIVATED"}
{"ts":1712238509276,"action":"IDE_DEACTIVATED"}
{"ts":1712238565951,"action":"IDE_ACTIVATED"}
{"ts":1712238579183,"action":"IDE_DEACTIVATED"}
{"ts":1712239072029,"action":"IDE_ACTIVATED"}
{"ts":1712239087081,"action":"IDE_DEACTIVATED"}
{"ts":1712239167973,"action":"IDE_ACTIVATED"}
{"ts":1712239176315,"action":"IDE_DEACTIVATED"}
{"ts":1712239181292,"action":"IDE_ACTIVATED"}
{"ts":1712239259905,"action":"IDE_DEACTIVATED"}
{"ts":1712239260109,"action":"PROJECT_CLOSED","tags":{"PROJECT_NAME":"java-vjezba4"}}
